<?xml version="1.0" encoding="UTF-8" standalone="no"?>
<!DOCTYPE log SYSTEM "logger.dtd">
<log>
<record>
  <date>2018-12-08T11:38:40</date>
  <millis>1544276320809</millis>
  <sequence>0</sequence>
  <logger>org.uma.jmetal.util.JMetalLogger</logger>
  <level>INFO</level>
  <class>org.uma.jmetal.util.JMetalLogger</class>
  <method>configureLoggers</method>
  <thread>1</thread>
  <message>Loggers configured with null</message>
</record>
<record>
  <date>2018-12-08T11:38:40</date>
  <millis>1544276320984</millis>
  <sequence>1</sequence>
  <logger>org.uma.jmetal.util.JMetalLogger</logger>
  <level>SEVERE</level>
  <class>org.uma.jmetal.util.JMetalException</class>
  <method>&lt;init&gt;</method>
  <thread>1</thread>
  <message>initializeUniformWeight: failed when reading for file: home/renansantos/NetBeansProjects/MOEAD/MOEAD_Weights/W3D_100.dat</message>
  <exception>
    <message>java.io.FileNotFoundException: W3D_100.dat (Arquivo ou diretório não encontrado)</message>
    <frame>
      <class>java.io.FileInputStream</class>
      <method>open0</method>
    </frame>
    <frame>
      <class>java.io.FileInputStream</class>
      <method>open</method>
      <line>195</line>
    </frame>
    <frame>
      <class>java.io.FileInputStream</class>
      <method>&lt;init&gt;</method>
      <line>138</line>
    </frame>
    <frame>
      <class>java.util.Scanner</class>
      <method>&lt;init&gt;</method>
      <line>611</line>
    </frame>
    <frame>
      <class>Main.AbstractMOEAD</class>
      <method>initializeUniformWeight</method>
      <line>133</line>
    </frame>
    <frame>
      <class>Main.MOEAD</class>
      <method>run</method>
      <line>58</line>
    </frame>
    <frame>
      <class>Main.MainClass</class>
      <method>main</method>
      <line>36</line>
    </frame>
  </exception>
</record>
</log>
